This is pdfTeX, Version 3.141592653-2.6-1.40.28 (MiKTeX 25.12) (preloaded format=pdflatex 2026.1.4)  17 JAN 2026 18:09
entering extended mode
 restricted \write18 enabled.
 file:line:error style messages enabled.
 %&-line parsing enabled.
**"c:/Users/laura/OneDrive - Aarhus universitet/Kvant 2/Exam questions/Question 10/main2.tex"
(c:/Users/laura/OneDrive - Aarhus universitet/Kvant 2/Exam questions/Question 10/main2.tex
LaTeX2e <2025-11-01>
L3 programming layer <2025-12-24>
(C:\Users\laura\OneDrive\Skrivebord\Ny mappe (2)\tex/latex/memoir\memoir.cls
Document Class: memoir 2025/11/04 v3.8.4b configurable book, report, article document class
(C:\Users\laura\OneDrive\Skrivebord\Ny mappe (2)\tex/latex/xpatch\xpatch.sty (C:\Users\laura\OneDrive\Skrivebord\Ny mappe (2)\tex/latex/l3kernel\expl3.sty
Package: expl3 2025-12-24 L3 programming layer (loader) 
 (C:\Users\laura\OneDrive\Skrivebord\Ny mappe (2)\tex/latex/l3backend\l3backend-pdftex.def
File: l3backend-pdftex.def 2025-10-09 L3 backend support: PDF output (pdfTeX)
\l__color_backend_stack_int=\count275
))
Package: xpatch 2020/03/25 v0.3a Extending etoolbox patching commands
 (C:\Users\laura\OneDrive\Skrivebord\Ny mappe (2)\tex/latex/l3packages/xparse\xparse.sty
Package: xparse 2025-10-09 L3 Experimental document command parser
) (C:\Users\laura\OneDrive\Skrivebord\Ny mappe (2)\tex/latex/etoolbox\etoolbox.sty
Package: etoolbox 2025/10/02 v2.5m e-TeX tools for LaTeX (JAW)
\etb@tempcnta=\count276
))
\onelineskip=\skip49
\lxvchars=\skip50
\xlvchars=\skip51
\@memcnta=\count277
\c@@memmarkcntra=\count278
 (C:\Users\laura\OneDrive\Skrivebord\Ny mappe (2)\tex/generic/iftex\iftex.sty
Package: iftex 2024/12/12 v1.0g TeX engine tests
)
\trimtop=\skip52
\trimedge=\skip53
 (C:\Users\laura\OneDrive\Skrivebord\Ny mappe (2)\tex/latex/memoir\mem10.clo
File: mem10.clo 2022/07/29 v0.5 memoir class 10pt size option
)
\binding=\skip54
\spinemargin=\skip55
\foremargin=\skip56
\uppermargin=\skip57
\lowermargin=\skip58
\headdrop=\skip59
\normalrulethickness=\skip60
\mem@maxheadheight=\skip61
\mem@maxfootheight=\skip62
\headwidth=\skip63
\c@storedpagenumber=\count279
\memPD=\dimen148
\m@mabparskip=\skip64
\thanksmarkwidth=\skip65
\thanksmarksep=\skip66
\droptitle=\skip67
\c@book=\count280
\c@part=\count281
\c@chapter=\count282
\c@section=\count283
\c@subsection=\count284
\c@subsubsection=\count285
\c@paragraph=\count286
\c@subparagraph=\count287
\beforechapskip=\skip68
\midchapskip=\skip69
\afterchapskip=\skip70
\chapindent=\skip71
\bottomsectionskip=\skip72
\secindent=\skip73
\beforesecskip=\skip74
\aftersecskip=\skip75
\subsecindent=\skip76
\beforesubsecskip=\skip77
\aftersubsecskip=\skip78
\subsubsecindent=\skip79
\beforesubsubsecskip=\skip80
\aftersubsubsecskip=\skip81
\paraindent=\skip82
\beforeparaskip=\skip83
\afterparaskip=\skip84
\subparaindent=\skip85
\beforesubparaskip=\skip86
\aftersubparaskip=\skip87
\pfbreakskip=\skip88
\c@@ppsavesec=\count288
\c@@ppsaveapp=\count289
\ragrparindent=\dimen149
\everylistparindent=\dimen150
\parsepi=\skip89
\topsepi=\skip90
\itemsepi=\skip91
\parsepii=\skip92
\topsepii=\skip93
\topsepiii=\skip94
\itemsepii=\skip95
\itemsepiii=\skip96
\partopsepii=\skip97
\partopsepiii=\skip98
\m@msavetopsep=\skip99
\m@msavepartopsep=\skip100
\@enLab=\toks17
\abstitleskip=\skip101
\absleftindent=\skip102
\abs@leftindent=\dimen151
\absrightindent=\skip103
\absparindent=\skip104
\absparsep=\skip105
\c@vslineno=\count290
\c@poemline=\count291
\c@modulo@vs=\count292
\c@memfvsline=\count293
\vleftskip=\skip106
\vrightskip=\skip107
\stanzaskip=\skip108
\versewidth=\skip109
\vgap=\skip110
\vindent=\skip111
\vleftmargin=\dimen152
\c@verse=\count294
\c@chrsinstr=\count295
\beforepoemtitleskip=\skip112
\afterpoemtitleskip=\skip113
\c@poem=\count296
\beforePoemTitleskip=\skip114
\midPoemTitleskip=\skip115
\afterPoemTitleskip=\skip116
 (C:\Users\laura\OneDrive\Skrivebord\Ny mappe (2)\tex/latex/tools\array.sty
Package: array 2025/09/25 v2.6n Tabular extension package (FMi)
\col@sep=\dimen153
\ar@mcellbox=\box53
\extrarowheight=\dimen154
\NC@list=\toks18
\extratabsurround=\skip117
\backup@length=\skip118
\ar@cellbox=\box54
) (C:\Users\laura\OneDrive\Skrivebord\Ny mappe (2)\tex/latex/tools\dcolumn.sty
Package: dcolumn 2025/10/21 v1.06 decimal alignment package (DPC)
) (C:\Users\laura\OneDrive\Skrivebord\Ny mappe (2)\tex/latex/tools\delarray.sty
Package: delarray 2014/10/28 v1.01 array delimiter package (DPC)
) (C:\Users\laura\OneDrive\Skrivebord\Ny mappe (2)\tex/latex/tools\tabularx.sty
Package: tabularx 2023/12/11 v2.12a `tabularx' package (DPC)
\TX@col@width=\dimen155
\TX@old@table=\dimen156
\TX@old@col=\dimen157
\TX@target=\dimen158
\TX@delta=\dimen159
\TX@cols=\count297
\TX@ftn=\toks19
) (C:\Users\laura\OneDrive\Skrivebord\Ny mappe (2)\tex/latex/booktabs\booktabs.sty
Package: booktabs 2020/01/12 v1.61803398 Publication quality tables
\heavyrulewidth=\dimen160
\lightrulewidth=\dimen161
\cmidrulewidth=\dimen162
\belowrulesep=\dimen163
\belowbottomsep=\dimen164
\aboverulesep=\dimen165
\abovetopsep=\dimen166
\cmidrulesep=\dimen167
\cmidrulekern=\dimen168
\defaultaddspace=\dimen169
\@cmidla=\count298
\@cmidlb=\count299
\@aboverulesep=\dimen170
\@belowrulesep=\dimen171
\@thisruleclass=\count300
\@lastruleclass=\count301
\@thisrulewidth=\dimen172
)
\ctableftskip=\skip119
\ctabrightskip=\skip120
\abovecolumnspenalty=\count302
\@linestogo=\count303
\@cellstogo=\count304
\@cellsincolumn=\count305
\crtok=\toks20
\@mincolumnwidth=\dimen173
\c@newflo@tctr=\count306
\mem@margin@floatbox=\box55
\@contcwidth=\skip121
\@contindw=\skip122
\abovecaptionskip=\skip123
\belowcaptionskip=\skip124
\subfloattopskip=\skip125
\subfloatcapskip=\skip126
\subfloatcaptopadj=\skip127
\subfloatbottomskip=\skip128
\subfloatlabelskip=\skip129
\subfloatcapmargin=\dimen174
\c@@contsubnum=\count307
\m@mscap@capbox=\box56
\m@mscap@fbox=\box57
\sidecapsep=\dimen175
\sidecapwidth=\dimen176
\m@m@tempdima=\dimen177
\m@mscapraise=\dimen178
\sidecapraise=\dimen179
\m@mscapmainwidth=\dimen180
\m@mscaplkern=\dimen181
\beforeepigraphskip=\skip130
\afterepigraphskip=\skip131
\epigraphwidth=\skip132
\epigraphrule=\skip133
 (C:\Users\laura\OneDrive\Skrivebord\Ny mappe (2)\tex/latex/hyperref\nameref.sty
Package: nameref 2025-06-21 v2.57 Cross-referencing by name of section
 (C:\Users\laura\OneDrive\Skrivebord\Ny mappe (2)\tex/latex/refcount\refcount.sty
Package: refcount 2019/12/15 v3.6 Data extraction from label references (HO)
 (C:\Users\laura\OneDrive\Skrivebord\Ny mappe (2)\tex/generic/ltxcmds\ltxcmds.sty
Package: ltxcmds 2023-12-04 v1.26 LaTeX kernel commands for general use (HO)
) (C:\Users\laura\OneDrive\Skrivebord\Ny mappe (2)\tex/generic/infwarerr\infwarerr.sty
Package: infwarerr 2019/12/03 v1.5 Providing info/warning/error messages (HO)
)) (C:\Users\laura\OneDrive\Skrivebord\Ny mappe (2)\tex/generic/gettitlestring\gettitlestring.sty
Package: gettitlestring 2019/12/15 v1.6 Cleanup title references (HO)
 (C:\Users\laura\OneDrive\Skrivebord\Ny mappe (2)\tex/latex/kvoptions\kvoptions.sty
Package: kvoptions 2022-06-15 v3.15 Key value format for package options (HO)
 (C:\Users\laura\OneDrive\Skrivebord\Ny mappe (2)\tex/latex/graphics\keyval.sty
Package: keyval 2022/05/29 v1.15 key=value parser (DPC)
\KV@toks@=\toks21
) (C:\Users\laura\OneDrive\Skrivebord\Ny mappe (2)\tex/latex/kvsetkeys\kvsetkeys.sty
Package: kvsetkeys 2022-10-05 v1.19 Key value parser (HO)
)))
\c@section@level=\count308
)
\tocentryskip=\skip134
\tocbaseline=\skip135
\cftparskip=\skip136
\cftbeforebookskip=\skip137
\cftbookindent=\dimen182
\cftbooknumwidth=\dimen183
\cftbeforepartskip=\skip138
\cftpartindent=\skip139
\cftpartnumwidth=\skip140
\cftbeforechapterskip=\skip141
\cftchapterindent=\skip142
\cftchapternumwidth=\skip143
\cftbeforesectionskip=\skip144
\cftsectionindent=\skip145
\cftsectionnumwidth=\skip146
\cftbeforesubsectionskip=\skip147
\cftsubsectionindent=\skip148
\cftsubsectionnumwidth=\skip149
\cftbeforesubsubsectionskip=\skip150
\cftsubsubsectionindent=\skip151
\cftsubsubsectionnumwidth=\skip152
\cftbeforeparagraphskip=\skip153
\cftparagraphindent=\skip154
\cftparagraphnumwidth=\skip155
\cftbeforesubparagraphskip=\skip156
\cftsubparagraphindent=\skip157
\cftsubparagraphnumwidth=\skip158
\prechapterprecisshift=\dimen184
\c@maxsecnumdepth=\count309
\bibindent=\dimen185
\bibitemsep=\skip159
\indexcolsep=\skip160
\indexrule=\skip161
\indexmarkstyle=\toks22
\@indexbox=\insert252
LaTeX Info: Redefining \raggedbottom on input line 8095.
LaTeX Info: Redefining \flushbottom on input line 8099.
\glossarycolsep=\dimen186
\glossaryrule=\dimen187
\sideparvshift=\skip162
\sideins=\insert251
\sidebartopsep=\skip163
\sidebarhsep=\skip164
\sidebarvsep=\skip165
\sidebarwidth=\skip166
\footmarkwidth=\skip167
\footmarksep=\skip168
\footparindent=\skip169
\footinsdim=\skip170
\footinsv@r=\insert250
\@mpfootinsv@r=\insert249
\m@m@k=\count310
\m@m@h=\dimen188
\m@mipn@skip=\skip171
\sidefootins=\insert248
\sidefootadjust=\skip172
\sidefootheight=\skip173
\sidefoothsep=\skip174
\sidefootvsep=\skip175
\sidefootwidth=\skip176
\m@mdownsf=\skip177
\c@sidefootnote=\count311
\sidefootmarkwidth=\skip178
\sidefootmarksep=\skip179
\sidefootparindent=\skip180
\c@pagenote=\count312
\c@pagenoteshadow=\count313
\mem@pn@lastkern=\skip181
 (C:\Users\laura\OneDrive\Skrivebord\Ny mappe (2)\tex/latex/tools\verbatim.sty
Package: verbatim 2024-01-22 v1.5x LaTeX2e package for verbatim enhancements
\every@verbatim=\toks23
\verbatim@line=\toks24
\verbatim@in@stream=\read2
)
\verbatimindent=\skip182
\verbatim@out=\write3
 (C:\Users\laura\OneDrive\Skrivebord\Ny mappe (2)\tex/latex/base\shortvrb.sty
Package: shortvrb 2024/12/25 v3.0q Standard LaTeX documentation package V3 (FMi)
)
\bvboxsep=\skip183
\c@memfbvline=\count314
\c@bvlinectr=\count315
\bvnumlength=\skip184
\fb@frw=\dimen189
\fb@frh=\dimen190
\FrameRule=\dimen191
\FrameSep=\dimen192
\c@cp@cntr=\count316
\c@ism@mctr=\count317
\c@xsm@mctr=\count318
\c@csm@mctr=\count319
\c@ksm@mctr=\count320
\c@xksm@mctr=\count321
\c@cksm@mctr=\count322
\c@msm@mctr=\count323
\c@xmsm@mctr=\count324
\c@cmsm@mctr=\count325
\c@bsm@mctr=\count326
\c@workm@mctr=\count327
\c@sheetsequence=\count328
\c@lastsheet=\count329
\c@lastpage=\count330
\c@figure=\count331
\c@lofdepth=\count332
\cftbeforefigureskip=\skip185
\cftfigureindent=\skip186
\cftfigurenumwidth=\skip187
\c@table=\count333
\c@lotdepth=\count334
\cftbeforetableskip=\skip188
\cfttableindent=\skip189
\cfttablenumwidth=\skip190
Package abstract [2008/07/23] emulated by memoir.
Package appendix [2008/07/23] emulated by memoir.
Package ccaption [2008/07/23] emulated by memoir.
Package changepage [2008/07/23] emulated by memoir.
Package chngcntr [2008/07/23] emulated by memoir.
Package chngpage [2008/07/23] emulated by memoir.
Package crop emulated by memoir.
Package enumerate [2008/07/23] emulated by memoir.
Package epigraph [2008/07/23] emulated by memoir.
Package ifmtarg [2008/07/23] emulated by memoir.
Package index [2008/07/23] emulated by memoir.
Package makeidx [2008/07/23] emulated by memoir.
Package moreverb [2008/07/23] emulated by memoir.
Package needspace [2008/07/23] emulated by memoir.
Package newfile [2008/07/23] emulated by memoir.
Package nextpage [2008/07/23] emulated by memoir.
Package pagenote [2008/07/23] emulated by memoir.
Package parskip [2008/07/23] emulated by memoir.
Package patchcmd [2008/07/23] emulated by memoir.
Package setspace [2008/07/23] emulated by memoir.
Package showidx [2008/07/23] emulated by memoir.
Package titleref [2008/07/23] emulated by memoir.
Package titling [2008/07/23] emulated by memoir.
Package tocbibind [2008/07/23] emulated by memoir.
Package tocloft [2008/07/23] emulated by memoir.
Package tocvsec2 [2008/07/23] emulated by memoir.
Package verse [2008/07/23] emulated by memoir.
) (Preamble.sty (C:\Users\laura\OneDrive\Skrivebord\Ny mappe (2)\tex/latex/base\inputenc.sty
Package: inputenc 2024/02/08 v1.3d Input encoding file
\inpenc@prehook=\toks25
\inpenc@posthook=\toks26
) (C:\Users\laura\OneDrive\Skrivebord\Ny mappe (2)\tex/generic/babel\babel.sty
Package: babel 2025/12/11 v25.17 The multilingual framework for LuaLaTeX, pdfLaTeX and XeLaTeX
\babel@savecnt=\count335
LaTeX Encoding Info:    Redeclaring text command \ij (encoding OT1) on input line 2068.
LaTeX Encoding Info:    Redeclaring text command \IJ (encoding OT1) on input line 2070.
LaTeX Encoding Info:    Redeclaring text command \ij (encoding T1) on input line 2072.
LaTeX Encoding Info:    Redeclaring text command \IJ (encoding T1) on input line 2073.
LaTeX Encoding Info:    Ignoring declaration for text command \ij (encoding ?) on input line 2074.
LaTeX Encoding Info:    Ignoring declaration for text command \IJ (encoding ?) on input line 2076.
LaTeX Encoding Info:    Ignoring declaration for text command \SS (encoding ?) on input line 2101.
\U@D=\dimen193
\l@unhyphenated=\language79
 (C:\Users\laura\OneDrive\Skrivebord\Ny mappe (2)\tex/generic/babel\txtbabel.def)
\bbl@readstream=\read3
\bbl@dirlevel=\count336
Package babel Info: Configuration files are deprecated, as
(babel)             they can break document portability.
(babel)             Reported on input line 4196.

*************************************
* Local config file bblopts.cfg used
*
(C:\Users\laura\OneDrive\Skrivebord\Ny mappe (2)\tex/latex/arabi\bblopts.cfg
File: bblopts.cfg 2005/09/08 v0.1 add Arabic and Farsi to "declared" options of babel
) (C:\Users\laura\OneDrive\Skrivebord\Ny mappe (2)\tex/generic/babel/locale/en\babel-english.tex) (C:\Users\laura\OneDrive\Skrivebord\Ny mappe (2)\tex/generic/babel/locale/da\babel-danish.tex) (C:\Users\laura\OneDrive\Skrivebord\Ny mappe (2)\tex/generic/babel/locale/en\babel-english.tex)
Package babel Info: Importing font and identification data for english
(babel)             from babel-en.ini. Reported on input line 4320.
 (C:\Users\laura\OneDrive\Skrivebord\Ny mappe (2)\tex/latex/babel-english\english.ldf
Language: english 2017/06/06 v3.3r English support from the babel system
Package babel Info: Hyphen rules for 'canadian' set to \l@english
(babel)             (\language0). Reported on input line 102.
Package babel Info: Hyphen rules for 'australian' set to \l@ukenglish
(babel)             (\language73). Reported on input line 105.
Package babel Info: Hyphen rules for 'newzealand' set to \l@ukenglish
(babel)             (\language73). Reported on input line 108.
)
Package babel Info: Importing font and identification data for danish
(babel)             from babel-da.ini. Reported on input line 4320.
 (C:\Users\laura\OneDrive\Skrivebord\Ny mappe (2)\tex/latex/babel-danish\danish.ldf
Language: danish 2021/02/06 v1.3s Danish support from the babel system
Package babel Info: Making " an active character on input line 82.
)
Package babel Info: Importing font and identification data for english
(babel)             from babel-en.ini. Reported on input line 4320.
 (C:\Users\laura\OneDrive\Skrivebord\Ny mappe (2)\tex/latex/babel-english\english.ldf
Language: english 2017/06/06 v3.3r English support from the babel system
)) (C:\Users\laura\OneDrive\Skrivebord\Ny mappe (2)\tex/latex/amsmath\amsmath.sty
Package: amsmath 2025/07/09 v2.17z AMS math features
\@mathmargin=\skip191

For additional information on amsmath, use the `?' option.
(C:\Users\laura\OneDrive\Skrivebord\Ny mappe (2)\tex/latex/amsmath\amstext.sty
Package: amstext 2024/11/17 v2.01 AMS text
 (C:\Users\laura\OneDrive\Skrivebord\Ny mappe (2)\tex/latex/amsmath\amsgen.sty
File: amsgen.sty 1999/11/30 v2.0 generic functions
\@emptytoks=\toks27
\ex@=\dimen194
)) (C:\Users\laura\OneDrive\Skrivebord\Ny mappe (2)\tex/latex/amsmath\amsbsy.sty
Package: amsbsy 1999/11/29 v1.2d Bold Symbols
\pmbraise@=\dimen195
) (C:\Users\laura\OneDrive\Skrivebord\Ny mappe (2)\tex/latex/amsmath\amsopn.sty
Package: amsopn 2022/04/08 v2.04 operator names
)
\inf@bad=\count337
LaTeX Info: Redefining \frac on input line 233.
\uproot@=\count338
\leftroot@=\count339
LaTeX Info: Redefining \overline on input line 398.
LaTeX Info: Redefining \colon on input line 409.
\classnum@=\count340
\DOTSCASE@=\count341
LaTeX Info: Redefining \ldots on input line 495.
LaTeX Info: Redefining \dots on input line 498.
LaTeX Info: Redefining \cdots on input line 619.
\Mathstrutbox@=\box58
\strutbox@=\box59
LaTeX Info: Redefining \big on input line 721.
LaTeX Info: Redefining \Big on input line 722.
LaTeX Info: Redefining \bigg on input line 723.
LaTeX Info: Redefining \Bigg on input line 724.
\big@size=\dimen196
LaTeX Font Info:    Redeclaring font encoding OML on input line 742.
LaTeX Font Info:    Redeclaring font encoding OMS on input line 743.
\macc@depth=\count342
LaTeX Info: Redefining \bmod on input line 904.
LaTeX Info: Redefining \pmod on input line 909.
LaTeX Info: Redefining \smash on input line 939.
LaTeX Info: Redefining \relbar on input line 969.
LaTeX Info: Redefining \Relbar on input line 970.
\c@MaxMatrixCols=\count343
\dotsspace@=\muskip17
\c@parentequation=\count344
\dspbrk@lvl=\count345
\tag@help=\toks28
\row@=\count346
\column@=\count347
\maxfields@=\count348
\andhelp@=\toks29
\eqnshift@=\dimen197
\alignsep@=\dimen198
\tagshift@=\dimen199
\tagwidth@=\dimen256
\totwidth@=\dimen257
\lineht@=\dimen258
\@envbody=\toks30
\multlinegap=\skip192
\multlinetaggap=\skip193
\mathdisplay@stack=\toks31
LaTeX Info: Redefining \[ on input line 2950.
LaTeX Info: Redefining \] on input line 2951.
) (C:\Users\laura\OneDrive\Skrivebord\Ny mappe (2)\tex/latex/amsfonts\amssymb.sty
Package: amssymb 2013/01/14 v3.01 AMS font symbols
 (C:\Users\laura\OneDrive\Skrivebord\Ny mappe (2)\tex/latex/amsfonts\amsfonts.sty
Package: amsfonts 2013/01/14 v3.01 Basic AMSFonts support
\symAMSa=\mathgroup4
\symAMSb=\mathgroup5
LaTeX Font Info:    Redeclaring math symbol \hbar on input line 98.
LaTeX Font Info:    Overwriting math alphabet `\mathfrak' in version `bold'
(Font)                  U/euf/m/n --> U/euf/b/n on input line 106.
)) (C:\Users\laura\OneDrive\Skrivebord\Ny mappe (2)\tex/latex/was\icomma.sty
Package: icomma 2002/03/10 v2.0 (WaS)
) (C:\Users\laura\OneDrive\Skrivebord\Ny mappe (2)\tex/latex/braket\braket.sty) (C:\Users\laura\OneDrive\Skrivebord\Ny mappe (2)\tex/latex/graphics\graphicx.sty
Package: graphicx 2024/12/31 v1.2e Enhanced LaTeX Graphics (DPC,SPQR)
 (C:\Users\laura\OneDrive\Skrivebord\Ny mappe (2)\tex/latex/graphics\graphics.sty
Package: graphics 2024/08/06 v1.4g Standard LaTeX Graphics (DPC,SPQR)
 (C:\Users\laura\OneDrive\Skrivebord\Ny mappe (2)\tex/latex/graphics\trig.sty
Package: trig 2023/12/02 v1.11 sin cos tan (DPC)
) (C:\Users\laura\OneDrive\Skrivebord\Ny mappe (2)\tex/latex/graphics-cfg\graphics.cfg
File: graphics.cfg 2016/06/04 v1.11 sample graphics configuration
)
Package graphics Info: Driver file: pdftex.def on input line 106.
 (C:\Users\laura\OneDrive\Skrivebord\Ny mappe (2)\tex/latex/graphics-def\pdftex.def
File: pdftex.def 2025/09/29 v1.2d Graphics/color driver for pdftex
))
\Gin@req@height=\dimen259
\Gin@req@width=\dimen260
) (C:\Users\laura\OneDrive\Skrivebord\Ny mappe (2)\tex/latex/caption\subcaption.sty
Package: subcaption 2023/07/28 v1.6b Sub-captions (AR)
 (C:\Users\laura\OneDrive\Skrivebord\Ny mappe (2)\tex/latex/caption\caption.sty
Package: caption 2023/08/05 v3.6o Customizing captions (AR)
 (C:\Users\laura\OneDrive\Skrivebord\Ny mappe (2)\tex/latex/caption\caption3.sty
Package: caption3 2023/07/31 v2.4d caption3 kernel (AR)
\caption@tempdima=\dimen261
\captionmargin=\dimen262
\caption@leftmargin=\dimen263
\caption@rightmargin=\dimen264
\caption@width=\dimen265
\caption@indent=\dimen266
\caption@parindent=\dimen267
\caption@hangindent=\dimen268
Package caption Info: memoir document class detected.
 (C:\Users\laura\OneDrive\Skrivebord\Ny mappe (2)\tex/latex/caption\caption-memoir.sto
File: caption-memoir.sto 2023/09/08 v2.2c Adaption of the caption package to the memoir document class (AR)
))
\c@caption@flags=\count349
\c@continuedfloat=\count350
Package caption Info: changepage package is loaded.
\caption@adjustwidth@hsize=\dimen269
\caption@adjustwidth@linewidth=\dimen270
)
Package caption Info: New subtype `subfigure' on input line 238.
\c@subfigure=\count351
Package caption Info: New subtype `subtable' on input line 238.
\c@subtable=\count352
) (C:\Users\laura\OneDrive\Skrivebord\Ny mappe (2)\tex/latex/float\float.sty
Package: float 2001/11/08 v1.3d Float enhancements (AL)
\c@float@type=\count353
\float@exts=\toks32
\float@box=\box60
\@float@everytoks=\toks33
\@floatcapt=\box61
) (C:\Users\laura\OneDrive\Skrivebord\Ny mappe (2)\tex/latex/wrapfig\wrapfig.sty
\wrapoverhang=\dimen271
\WF@size=\dimen272
\c@WF@wrappedlines=\count354
\WF@box=\box62
\WF@everypar=\toks34
Package: wrapfig 2003/01/31  v 3.6
) (C:\Users\laura\OneDrive\Skrivebord\Ny mappe (2)\tex/latex/tools\longtable.sty
Package: longtable 2025-10-13 v4.24 Multi-page Table package (DPC)
\LTleft=\skip194
\LTright=\skip195
\LTpre=\skip196
\LTpost=\skip197
\LTchunksize=\count355
\LTcapwidth=\dimen273
\LT@head=\box63
\LT@firsthead=\box64
\LT@foot=\box65
\LT@lastfoot=\box66
\LT@gbox=\box67
\LT@cols=\count356
\LT@rows=\count357
\c@LT@tables=\count358
\c@LT@chunks=\count359
\LT@p@ftn=\toks35
) (C:\Users\laura\OneDrive\Skrivebord\Ny mappe (2)\tex/latex/multirow\multirow.sty
Package: multirow 2024/11/12 v2.9 Span multiple rows of a table
\multirow@colwidth=\skip198
\multirow@cntb=\count360
\multirow@dima=\skip199
\bigstrutjot=\dimen274
) (C:\Users\laura\OneDrive\Skrivebord\Ny mappe (2)\tex/latex/makecell\makecell.sty
Package: makecell 2009/08/03 V0.1e Managing of Tab Column Heads and Cells
\rotheadsize=\dimen275
\c@nlinenum=\count361
\TeXr@lab=\toks36
) (C:\Users\laura\OneDrive\Skrivebord\Ny mappe (2)\tex/latex/tools\hhline.sty
Package: hhline 2020/01/04 v2.04 Table rule package (DPC)
) (C:\Users\laura\OneDrive\Skrivebord\Ny mappe (2)\tex/latex/colortbl\colortbl.sty
Package: colortbl 2024/10/29 v1.0k Color table columns (DPC)
 (C:\Users\laura\OneDrive\Skrivebord\Ny mappe (2)\tex/latex/graphics\color.sty
Package: color 2025/01/14 v1.3e Standard LaTeX Color (DPC)
 (C:\Users\laura\OneDrive\Skrivebord\Ny mappe (2)\tex/latex/graphics-cfg\color.cfg
File: color.cfg 2016/01/02 v1.6 sample color configuration
)
Package color Info: Driver file: pdftex.def on input line 149.
 (C:\Users\laura\OneDrive\Skrivebord\Ny mappe (2)\tex/latex/graphics\mathcolor.ltx))
\everycr=\toks37
\minrowclearance=\skip256
\rownum=\count362
) (C:\Users\laura\OneDrive\Skrivebord\Ny mappe (2)\tex/latex/xcolor\xcolor.sty
Package: xcolor 2024/09/29 v3.02 LaTeX color extensions (UK)
 (C:\Users\laura\OneDrive\Skrivebord\Ny mappe (2)\tex/latex/graphics-cfg\color.cfg
File: color.cfg 2016/01/02 v1.6 sample color configuration
)
Package xcolor Info: Driver file: pdftex.def on input line 274.
LaTeX Info: Redefining \color on input line 762.
 (C:\Users\laura\OneDrive\Skrivebord\Ny mappe (2)\tex/latex/graphics\mathcolor.ltx)
Package xcolor Info: Model `cmy' substituted by `cmy0' on input line 1349.
Package xcolor Info: Model `hsb' substituted by `rgb' on input line 1353.
Package xcolor Info: Model `RGB' extended on input line 1365.
Package xcolor Info: Model `HTML' substituted by `rgb' on input line 1367.
Package xcolor Info: Model `Hsb' substituted by `hsb' on input line 1368.
Package xcolor Info: Model `tHsb' substituted by `hsb' on input line 1369.
Package xcolor Info: Model `HSB' substituted by `hsb' on input line 1370.
Package xcolor Info: Model `Gray' substituted by `gray' on input line 1371.
Package xcolor Info: Model `wave' substituted by `hsb' on input line 1372.
) (C:\Users\laura\OneDrive\Skrivebord\Ny mappe (2)\tex/latex/siunitx\siunitx.sty
Package: siunitx 2025-07-09 v3.4.14 A comprehensive (SI) units package
\l__siunitx_number_uncert_offset_int=\count363
\l__siunitx_number_exponent_fixed_int=\count364
\l__siunitx_number_min_decimal_int=\count365
\l__siunitx_number_min_integer_int=\count366
\l__siunitx_number_round_precision_int=\count367
\l__siunitx_number_lower_threshold_int=\count368
\l__siunitx_number_upper_threshold_int=\count369
\l__siunitx_number_group_first_int=\count370
\l__siunitx_number_group_size_int=\count371
\l__siunitx_number_group_minimum_int=\count372
\l__siunitx_angle_tmp_dim=\dimen276
\l__siunitx_angle_marker_box=\box68
\l__siunitx_angle_unit_box=\box69
\l__siunitx_compound_count_int=\count373
 (C:\Users\laura\OneDrive\Skrivebord\Ny mappe (2)\tex/latex/translations\translations.sty
Package: translations 2022/02/05 v1.12 internationalization of LaTeX2e packages (CN)
 (C:\Users\laura\OneDrive\Skrivebord\Ny mappe (2)\tex/generic/pdftexcmds\pdftexcmds.sty
Package: pdftexcmds 2020-06-27 v0.33 Utility functions of pdfTeX for LuaTeX (HO)
Package pdftexcmds Info: \pdf@primitive is available.
Package pdftexcmds Info: \pdf@ifprimitive is available.
Package pdftexcmds Info: \pdfdraftmode found.
))
\l__siunitx_table_tmp_box=\box70
\l__siunitx_table_tmp_dim=\dimen277
\l__siunitx_table_column_width_dim=\dimen278
\l__siunitx_table_integer_box=\box71
\l__siunitx_table_decimal_box=\box72
\l__siunitx_table_uncert_box=\box73
\l__siunitx_table_before_box=\box74
\l__siunitx_table_after_box=\box75
\l__siunitx_table_before_dim=\dimen279
\l__siunitx_table_carry_dim=\dimen280
\l__siunitx_unit_tmp_int=\count374
\l__siunitx_unit_position_int=\count375
\l__siunitx_unit_total_int=\count376
) (C:\Users\laura\OneDrive\Skrivebord\Ny mappe (2)\tex/latex/enumitem\enumitem.sty
Package: enumitem 2025/02/06 v3.11 Customized lists
\labelindent=\skip257
\enit@outerparindent=\dimen281
\enit@toks=\toks38
\enit@inbox=\box76
\enit@count@id=\count377
\enitdp@description=\count378
) (C:\Users\laura\OneDrive\Skrivebord\Ny mappe (2)\tex/latex/listings\listings.sty
\lst@mode=\count379
\lst@gtempboxa=\box77
\lst@token=\toks39
\lst@length=\count380
\lst@currlwidth=\dimen282
\lst@column=\count381
\lst@pos=\count382
\lst@lostspace=\dimen283
\lst@width=\dimen284
\lst@newlines=\count383
\lst@lineno=\count384
\lst@maxwidth=\dimen285
 (C:\Users\laura\OneDrive\Skrivebord\Ny mappe (2)\tex/latex/listings\lstpatch.sty
File: lstpatch.sty 2025/11/14 1.11b (Carsten Heinz)
) (C:\Users\laura\OneDrive\Skrivebord\Ny mappe (2)\tex/latex/listings\lstmisc.sty
File: lstmisc.sty 2025/11/14 1.11b (Carsten Heinz)
\c@lstnumber=\count385
\lst@skipnumbers=\count386
\lst@framebox=\box78
) (C:\Users\laura\OneDrive\Skrivebord\Ny mappe (2)\tex/latex/listings\listings.cfg
File: listings.cfg 2025/11/14 1.11b listings configuration
))
Package: listings 2025/11/14 1.11b (Carsten Heinz)

==> First Aid for listings.sty no longer applied!
    Expected:
        2024/09/23 1.10c (Carsten Heinz)
    but found:
        2025/11/14 1.11b (Carsten Heinz)
    so I'm assuming it got fixed.
(C:\Users\laura\OneDrive\Skrivebord\Ny mappe (2)\tex/latex/minted\minted.sty
Package: minted 2025/05/14 v3.7.0 Yet another Pygments shim for LaTeX
 (C:\Users\laura\OneDrive\Skrivebord\Ny mappe (2)\tex/generic/catchfile\catchfile.sty
Package: catchfile 2019/12/09 v1.8 Catch the contents of a file (HO)
 (C:\Users\laura\OneDrive\Skrivebord\Ny mappe (2)\tex/generic/etexcmds\etexcmds.sty
Package: etexcmds 2019/12/15 v1.7 Avoid name clashes with e-TeX commands (HO)
)) (C:\Users\laura\OneDrive\Skrivebord\Ny mappe (2)\tex/latex/fvextra\fvextra.sty
Package: fvextra 2025/05/29 v1.13.2 fvextra - extensions and patches for fancyvrb
 (C:\Users\laura\OneDrive\Skrivebord\Ny mappe (2)\tex/latex/fancyvrb\fancyvrb.sty
Package: fancyvrb 2025/07/28 4.6 verbatim text (tvz,hv)
\FV@CodeLineNo=\count387
\FV@InFile=\read4
\FV@TabBox=\box79
\c@FancyVerbLine=\count388
\FV@StepNumber=\count389
\FV@OutFile=\write4
) (C:\Users\laura\OneDrive\Skrivebord\Ny mappe (2)\tex/latex/upquote\upquote.sty
Package: upquote 2012/04/19 v1.3 upright-quote and grave-accent glyphs in verbatim
) (C:\Users\laura\OneDrive\Skrivebord\Ny mappe (2)\tex/latex/lineno\lineno.sty
Package: lineno 2025/05/13 line numbers on paragraphs v5.5
\linenopenalty=\count390
\output=\toks40
\linenoprevgraf=\count391
\linenumbersep=\dimen286
\linenumberwidth=\dimen287
\c@linenumber=\count392
\c@pagewiselinenumber=\count393
\c@LN@truepage=\count394
\c@internallinenumber=\count395
\c@internallinenumbers=\count396
\quotelinenumbersep=\dimen288
\bframerule=\dimen289
\bframesep=\dimen290
\bframebox=\box80
\@LN@amsmath@ams@eqpen=\count397
)
\c@FancyVerbWriteLine=\count398
\c@FancyVerbBufferLine=\count399
\c@FV@TrueTabGroupLevel=\count400
\c@FV@TrueTabCounter=\count401
\FV@TabBox@Group=\box81
\FV@bgcolorstructbox=\box82
\FV@TmpLength=\skip258
\c@FV@HighlightLinesStart=\count402
\c@FV@HighlightLinesStop=\count403
\FV@LoopCount=\count404
\FV@NCharsBox=\box83
\FV@BreakIndent=\dimen291
\FV@BreakIndentNChars=\count405
\FV@BreakSymbolSepLeft=\dimen292
\FV@BreakSymbolSepLeftNChars=\count406
\FV@BreakSymbolSepRight=\dimen293
\FV@BreakSymbolSepRightNChars=\count407
\FV@BreakSymbolIndentLeft=\dimen294
\FV@BreakSymbolIndentLeftNChars=\count408
\FV@BreakSymbolIndentRight=\dimen295
\FV@BreakSymbolIndentRightNChars=\count409
\c@FancyVerbLineBreakLast=\count410
\FV@LineBox=\box84
\FV@LineIndentBox=\box85
\c@FV@BreakBufferDepth=\count411
\FV@LineWidth=\dimen296
) (C:\Users\laura\OneDrive\Skrivebord\Ny mappe (2)\tex/latex/latex2pydata\latex2pydata.sty
Package: latex2pydata 2025/03/26 v0.6.0 latex2pydata - write data to file in Python literal format
) (C:\Users\laura\OneDrive\Skrivebord\Ny mappe (2)\tex/latex/pgf/utilities\pgfkeys.sty (C:\Users\laura\OneDrive\Skrivebord\Ny mappe (2)\tex/generic/pgf/utilities\pgfkeys.code.tex
\pgfkeys@pathtoks=\toks41
\pgfkeys@temptoks=\toks42
 (C:\Users\laura\OneDrive\Skrivebord\Ny mappe (2)\tex/generic/pgf/utilities\pgfkeyslibraryfiltered.code.tex
\pgfkeys@tmptoks=\toks43
))) (C:\Users\laura\OneDrive\Skrivebord\Ny mappe (2)\tex/latex/pgfopts\pgfopts.sty
Package: pgfopts 2014/07/10 v2.1a LaTeX package options with pgfkeys
\pgfopts@list@add@a@toks=\toks44
\pgfopts@list@add@b@toks=\toks45
) (C:\Users\laura\OneDrive\Skrivebord\Ny mappe (2)\tex/latex/tools\shellesc.sty
Package: shellesc 2023/07/08 v1.0d unified shell escape interface for LaTeX
Package shellesc Info: Restricted shell escape enabled on input line 77.
)
\c@minted@FancyVerbLineTemp=\count412
\@float@every@listing=\toks46
\c@listing=\count413
)

******************************************************
Stock height and width: 845.04684pt by 597.50787pt
Top and edge trims: 0pt and 0pt
Page height and width: 845.04684pt by 597.50787pt
Text height and width: 682pt by 455pt
Spine and edge margins: 71.13188pt and 71.13188pt
Upper and lower margins: 85.35826pt and 77.68858pt
Headheight and headsep: 12pt and 18.06749pt
Footskip: 25.29494pt
Columnsep and columnseprule: 10pt and 0pt
Marginparsep and marginparwidth: 7pt and 57.13188pt
Sidecapsep and sidecapwidth: 7pt and 63pt
Sidebarhsep and sidebarwidth: 7pt and 63pt
Sidebarvsep and sidebartopsep: 12pt and 0pt
Sidebarheight: 596.39996pt
Sidefoothsep and sidefootwidth: 7pt and 63pt
Sidefootvsep and sidefootheight: 12pt and 596.39996pt
******************************************************


Class memoir Warning: The fancyhdr package is not recommended with memoir.
(memoir)              We have our own well integrated interface to handle
(memoir)              headers and footers. See the manual section 7.3
(memoir)              onwards for details. on input line 87.

(C:\Users\laura\OneDrive\Skrivebord\Ny mappe (2)\tex/latex/fancyhdr\fancyhdr.sty
Package: fancyhdr 2025/02/07 v5.2 Extensive control of page headers and footers
\f@nch@headwidth=\skip259
\f@nch@offset@elh=\skip260
\f@nch@offset@erh=\skip261
\f@nch@offset@olh=\skip262
\f@nch@offset@orh=\skip263
\f@nch@offset@elf=\skip264
\f@nch@offset@erf=\skip265
\f@nch@offset@olf=\skip266
\f@nch@offset@orf=\skip267
\f@nch@height=\skip268
\f@nch@footalignment=\skip269
\f@nch@widthL=\skip270
\f@nch@widthC=\skip271
\f@nch@widthR=\skip272
\@temptokenb=\toks47
) (C:\Users\laura\OneDrive\Skrivebord\Ny mappe (2)\tex/latex/lastpage\lastpage.sty
Package: lastpage 2025/08/14 v2.1h lastpage: 2.09 or 2e? (HMM)
 (C:\Users\laura\OneDrive\Skrivebord\Ny mappe (2)\tex/latex/lastpage\lastpage2e.sty
Package: lastpage2e 2025/08/14 v2.1h Decide which 2e lastpage version to use (HMM)
 (C:\Users\laura\OneDrive\Skrivebord\Ny mappe (2)\tex/latex/lastpage\lastpagemodern.sty
Package: lastpagemodern 2025-08-14 v2.1h Refers to last page's name (HMM; JPG)
\c@lastpagecount=\count414
) 
)) (C:\Users\laura\OneDrive\Skrivebord\Ny mappe (2)\tex/latex/hyperref\hyperref.sty
Package: hyperref 2025-07-12 v7.01o Hypertext links for LaTeX
 (C:\Users\laura\OneDrive\Skrivebord\Ny mappe (2)\tex/generic/kvdefinekeys\kvdefinekeys.sty
Package: kvdefinekeys 2019-12-19 v1.6 Define keys (HO)
) (C:\Users\laura\OneDrive\Skrivebord\Ny mappe (2)\tex/generic/pdfescape\pdfescape.sty
Package: pdfescape 2019/12/09 v1.15 Implements pdfTeX's escape features (HO)
) (C:\Users\laura\OneDrive\Skrivebord\Ny mappe (2)\tex/latex/hycolor\hycolor.sty
Package: hycolor 2020-01-27 v1.10 Color options for hyperref/bookmark (HO)
) (C:\Users\laura\OneDrive\Skrivebord\Ny mappe (2)\tex/generic/stringenc\stringenc.sty
Package: stringenc 2019/11/29 v1.12 Convert strings between diff. encodings (HO)
)
\@linkdim=\dimen297
\Hy@linkcounter=\count415
\Hy@pagecounter=\count416
 (C:\Users\laura\OneDrive\Skrivebord\Ny mappe (2)\tex/latex/hyperref\pd1enc.def
File: pd1enc.def 2025-07-12 v7.01o Hyperref: PDFDocEncoding definition (HO)
Now handling font encoding PD1 ...
... no UTF-8 mapping file for font encoding PD1
) (C:\Users\laura\OneDrive\Skrivebord\Ny mappe (2)\tex/generic/intcalc\intcalc.sty
Package: intcalc 2019/12/15 v1.3 Expandable calculations with integers (HO)
)
\Hy@SavedSpaceFactor=\count417
 (C:\Users\laura\OneDrive\Skrivebord\Ny mappe (2)\tex/latex/hyperref\puenc.def
File: puenc.def 2025-07-12 v7.01o Hyperref: PDF Unicode definition (HO)
Now handling font encoding PU ...
... no UTF-8 mapping file for font encoding PU
)
Package hyperref Info: Hyper figures OFF on input line 4195.
Package hyperref Info: Link nesting OFF on input line 4200.
Package hyperref Info: Hyper index ON on input line 4203.
Package hyperref Info: Plain pages OFF on input line 4210.
Package hyperref Info: Backreferencing OFF on input line 4215.
Package hyperref Info: Implicit mode ON; LaTeX internals redefined.
Package hyperref Info: Bookmarks ON on input line 4462.
\c@Hy@tempcnt=\count418
 (C:\Users\laura\OneDrive\Skrivebord\Ny mappe (2)\tex/latex/url\url.sty
\Urlmuskip=\muskip18
Package: url 2013/09/16  ver 3.4  Verb mode for urls, etc.
)
LaTeX Info: Redefining \url on input line 4801.
\XeTeXLinkMargin=\dimen298
 (C:\Users\laura\OneDrive\Skrivebord\Ny mappe (2)\tex/generic/bitset\bitset.sty
Package: bitset 2019/12/09 v1.3 Handle bit-vector datatype (HO)
 (C:\Users\laura\OneDrive\Skrivebord\Ny mappe (2)\tex/generic/bigintcalc\bigintcalc.sty
Package: bigintcalc 2019/12/15 v1.5 Expandable calculations on big integers (HO)
))
\Fld@menulength=\count419
\Field@Width=\dimen299
\Fld@charsize=\dimen300
Package hyperref Info: Hyper figures OFF on input line 6078.
Package hyperref Info: Link nesting OFF on input line 6083.
Package hyperref Info: Hyper index ON on input line 6086.
Package hyperref Info: backreferencing OFF on input line 6093.
Package hyperref Info: Link coloring OFF on input line 6098.
Package hyperref Info: Link coloring with OCG OFF on input line 6103.
Package hyperref Info: PDF/A mode OFF on input line 6108.
\Hy@abspage=\count420
\c@Item=\count421
\c@Hfootnote=\count422
)
Package hyperref Info: Driver (autodetected): hpdftex.
 (C:\Users\laura\OneDrive\Skrivebord\Ny mappe (2)\tex/latex/hyperref\hpdftex.def
File: hpdftex.def 2025-07-12 v7.01o Hyperref driver for pdfTeX
\Fld@listcount=\count423
\c@bookmark@seq@number=\count424
 (C:\Users\laura\OneDrive\Skrivebord\Ny mappe (2)\tex/latex/rerunfilecheck\rerunfilecheck.sty
Package: rerunfilecheck 2025-06-21 v1.11 Rerun checks for auxiliary files (HO)
 (C:\Users\laura\OneDrive\Skrivebord\Ny mappe (2)\tex/generic/uniquecounter\uniquecounter.sty
Package: uniquecounter 2019/12/15 v1.4 Provide unlimited unique counter (HO)
)
Package uniquecounter Info: New unique counter `rerunfilecheck' on input line 284.
)
\Hy@SectionHShift=\skip273
) (C:\Users\laura\OneDrive\Skrivebord\Ny mappe (2)\tex/latex/memoir\memhfixc.sty
Package: memhfixc 2025/09/16 v1.24 hyperref package fixes for memoir class
\c@memhycontfloat=\count425
\c@mem@Hpagenote=\count426
) (C:\Users\laura\OneDrive\Skrivebord\Ny mappe (2)\tex/latex/cleveref\cleveref.sty
Package: cleveref 2018/03/27 v0.21.4 Intelligent cross-referencing
Package cleveref Info: `hyperref' support loaded on input line 2370.
LaTeX Info: Redefining \cref on input line 2370.
LaTeX Info: Redefining \Cref on input line 2370.
LaTeX Info: Redefining \crefrange on input line 2370.
LaTeX Info: Redefining \Crefrange on input line 2370.
LaTeX Info: Redefining \cpageref on input line 2370.
LaTeX Info: Redefining \Cpageref on input line 2370.
LaTeX Info: Redefining \cpagerefrange on input line 2370.
LaTeX Info: Redefining \Cpagerefrange on input line 2370.
LaTeX Info: Redefining \labelcref on input line 2370.
LaTeX Info: Redefining \labelcpageref on input line 2370.
Package cleveref Info: `listings' support loaded on input line 3131.
Package cleveref Info: include cross-reference names in hyperlinks on input line 7836.
Package cleveref Info: include cross-reference names in hyperlinks on input line 7852.
)
==> First Aid for cleveref.sty applied!
(C:\Users\laura\OneDrive\Skrivebord\Ny mappe (2)\tex/latex/todonotes\todonotes.sty
Package: todonotes 2024/01/05 v1.1.7 Todonotes source and documentation.
Package: todonotes 2024/01/05
 (C:\Users\laura\OneDrive\Skrivebord\Ny mappe (2)\tex/latex/base\ifthen.sty
Package: ifthen 2024/03/16 v1.1e Standard LaTeX ifthen package (DPC)
) (C:\Users\laura\OneDrive\Skrivebord\Ny mappe (2)\tex/latex/xkeyval\xkeyval.sty
Package: xkeyval 2022/06/16 v2.9 package option processing (HA)
 (C:\Users\laura\OneDrive\Skrivebord\Ny mappe (2)\tex/generic/xkeyval\xkeyval.tex (C:\Users\laura\OneDrive\Skrivebord\Ny mappe (2)\tex/generic/xkeyval\xkvutils.tex
\XKV@toks=\toks48
\XKV@tempa@toks=\toks49
)
\XKV@depth=\count427
File: xkeyval.tex 2014/12/03 v2.7a key=value parser (HA)
)) (C:\Users\laura\OneDrive\Skrivebord\Ny mappe (2)\tex/latex/pgf/frontendlayer\tikz.sty (C:\Users\laura\OneDrive\Skrivebord\Ny mappe (2)\tex/latex/pgf/basiclayer\pgf.sty (C:\Users\laura\OneDrive\Skrivebord\Ny mappe (2)\tex/latex/pgf/utilities\pgfrcs.sty (C:\Users\laura\OneDrive\Skrivebord\Ny mappe (2)\tex/generic/pgf/utilities\pgfutil-common.tex
\pgfutil@everybye=\toks50
\pgfutil@tempdima=\dimen301
\pgfutil@tempdimb=\dimen302
) (C:\Users\laura\OneDrive\Skrivebord\Ny mappe (2)\tex/generic/pgf/utilities\pgfutil-latex.def
\pgfutil@abb=\box86
) (C:\Users\laura\OneDrive\Skrivebord\Ny mappe (2)\tex/generic/pgf/utilities\pgfrcs.code.tex (C:\Users\laura\OneDrive\Skrivebord\Ny mappe (2)\tex/generic/pgf\pgf.revision.tex)
Package: pgfrcs 2025-08-29 v3.1.11a (3.1.11a)
))
Package: pgf 2025-08-29 v3.1.11a (3.1.11a)
 (C:\Users\laura\OneDrive\Skrivebord\Ny mappe (2)\tex/latex/pgf/basiclayer\pgfcore.sty (C:\Users\laura\OneDrive\Skrivebord\Ny mappe (2)\tex/latex/pgf/systemlayer\pgfsys.sty (C:\Users\laura\OneDrive\Skrivebord\Ny mappe (2)\tex/generic/pgf/systemlayer\pgfsys.code.tex
Package: pgfsys 2025-08-29 v3.1.11a (3.1.11a)
\pgf@x=\dimen303
\pgf@y=\dimen304
\pgf@xa=\dimen305
\pgf@ya=\dimen306
\pgf@xb=\dimen307
\pgf@yb=\dimen308
\pgf@xc=\dimen309
\pgf@yc=\dimen310
\pgf@xd=\dimen311
\pgf@yd=\dimen312
\w@pgf@writea=\write5
\r@pgf@reada=\read5
\c@pgf@counta=\count428
\c@pgf@countb=\count429
\c@pgf@countc=\count430
\c@pgf@countd=\count431
\t@pgf@toka=\toks51
\t@pgf@tokb=\toks52
\t@pgf@tokc=\toks53
\pgf@sys@id@count=\count432
 (C:\Users\laura\OneDrive\Skrivebord\Ny mappe (2)\tex/generic/pgf/systemlayer\pgf.cfg
File: pgf.cfg 2025-08-29 v3.1.11a (3.1.11a)
)
Driver file for pgf: pgfsys-pdftex.def
 (C:\Users\laura\OneDrive\Skrivebord\Ny mappe (2)\tex/generic/pgf/systemlayer\pgfsys-pdftex.def
File: pgfsys-pdftex.def 2025-08-29 v3.1.11a (3.1.11a)
 (C:\Users\laura\OneDrive\Skrivebord\Ny mappe (2)\tex/generic/pgf/systemlayer\pgfsys-common-pdf.def
File: pgfsys-common-pdf.def 2025-08-29 v3.1.11a (3.1.11a)
))) (C:\Users\laura\OneDrive\Skrivebord\Ny mappe (2)\tex/generic/pgf/systemlayer\pgfsyssoftpath.code.tex
File: pgfsyssoftpath.code.tex 2025-08-29 v3.1.11a (3.1.11a)
\pgfsyssoftpath@smallbuffer@items=\count433
\pgfsyssoftpath@bigbuffer@items=\count434
) (C:\Users\laura\OneDrive\Skrivebord\Ny mappe (2)\tex/generic/pgf/systemlayer\pgfsysprotocol.code.tex
File: pgfsysprotocol.code.tex 2025-08-29 v3.1.11a (3.1.11a)
)) (C:\Users\laura\OneDrive\Skrivebord\Ny mappe (2)\tex/generic/pgf/basiclayer\pgfcore.code.tex
Package: pgfcore 2025-08-29 v3.1.11a (3.1.11a)
 (C:\Users\laura\OneDrive\Skrivebord\Ny mappe (2)\tex/generic/pgf/math\pgfmath.code.tex (C:\Users\laura\OneDrive\Skrivebord\Ny mappe (2)\tex/generic/pgf/math\pgfmathutil.code.tex) (C:\Users\laura\OneDrive\Skrivebord\Ny mappe (2)\tex/generic/pgf/math\pgfmathparser.code.tex
\pgfmath@dimen=\dimen313
\pgfmath@count=\count435
\pgfmath@box=\box87
\pgfmath@toks=\toks54
\pgfmath@stack@operand=\toks55
\pgfmath@stack@operation=\toks56
) (C:\Users\laura\OneDrive\Skrivebord\Ny mappe (2)\tex/generic/pgf/math\pgfmathfunctions.code.tex) (C:\Users\laura\OneDrive\Skrivebord\Ny mappe (2)\tex/generic/pgf/math\pgfmathfunctions.basic.code.tex) (C:\Users\laura\OneDrive\Skrivebord\Ny mappe (2)\tex/generic/pgf/math\pgfmathfunctions.trigonometric.code.tex) (C:\Users\laura\OneDrive\Skrivebord\Ny mappe (2)\tex/generic/pgf/math\pgfmathfunctions.random.code.tex) (C:\Users\laura\OneDrive\Skrivebord\Ny mappe (2)\tex/generic/pgf/math\pgfmathfunctions.comparison.code.tex) (C:\Users\laura\OneDrive\Skrivebord\Ny mappe (2)\tex/generic/pgf/math\pgfmathfunctions.base.code.tex) (C:\Users\laura\OneDrive\Skrivebord\Ny mappe (2)\tex/generic/pgf/math\pgfmathfunctions.round.code.tex) (C:\Users\laura\OneDrive\Skrivebord\Ny mappe (2)\tex/generic/pgf/math\pgfmathfunctions.misc.code.tex) (C:\Users\laura\OneDrive\Skrivebord\Ny mappe (2)\tex/generic/pgf/math\pgfmathfunctions.integerarithmetics.code.tex) (C:\Users\laura\OneDrive\Skrivebord\Ny mappe (2)\tex/generic/pgf/math\pgfmathcalc.code.tex) (C:\Users\laura\OneDrive\Skrivebord\Ny mappe (2)\tex/generic/pgf/math\pgfmathfloat.code.tex
\c@pgfmathroundto@lastzeros=\count436
)) (C:\Users\laura\OneDrive\Skrivebord\Ny mappe (2)\tex/generic/pgf/math\pgfint.code.tex) (C:\Users\laura\OneDrive\Skrivebord\Ny mappe (2)\tex/generic/pgf/basiclayer\pgfcorepoints.code.tex
File: pgfcorepoints.code.tex 2025-08-29 v3.1.11a (3.1.11a)
\pgf@picminx=\dimen314
\pgf@picmaxx=\dimen315
\pgf@picminy=\dimen316
\pgf@picmaxy=\dimen317
\pgf@pathminx=\dimen318
\pgf@pathmaxx=\dimen319
\pgf@pathminy=\dimen320
\pgf@pathmaxy=\dimen321
\pgf@xx=\dimen322
\pgf@xy=\dimen323
\pgf@yx=\dimen324
\pgf@yy=\dimen325
\pgf@zx=\dimen326
\pgf@zy=\dimen327
) (C:\Users\laura\OneDrive\Skrivebord\Ny mappe (2)\tex/generic/pgf/basiclayer\pgfcorepathconstruct.code.tex
File: pgfcorepathconstruct.code.tex 2025-08-29 v3.1.11a (3.1.11a)
\pgf@path@lastx=\dimen328
\pgf@path@lasty=\dimen329
) (C:\Users\laura\OneDrive\Skrivebord\Ny mappe (2)\tex/generic/pgf/basiclayer\pgfcorepathusage.code.tex
File: pgfcorepathusage.code.tex 2025-08-29 v3.1.11a (3.1.11a)
\pgf@shorten@end@additional=\dimen330
\pgf@shorten@start@additional=\dimen331
) (C:\Users\laura\OneDrive\Skrivebord\Ny mappe (2)\tex/generic/pgf/basiclayer\pgfcorescopes.code.tex
File: pgfcorescopes.code.tex 2025-08-29 v3.1.11a (3.1.11a)
\pgfpic=\box88
\pgf@hbox=\box89
\pgf@layerbox@main=\box90
\pgf@picture@serial@count=\count437
) (C:\Users\laura\OneDrive\Skrivebord\Ny mappe (2)\tex/generic/pgf/basiclayer\pgfcoregraphicstate.code.tex
File: pgfcoregraphicstate.code.tex 2025-08-29 v3.1.11a (3.1.11a)
\pgflinewidth=\dimen332
) (C:\Users\laura\OneDrive\Skrivebord\Ny mappe (2)\tex/generic/pgf/basiclayer\pgfcoretransformations.code.tex
File: pgfcoretransformations.code.tex 2025-08-29 v3.1.11a (3.1.11a)
\pgf@pt@x=\dimen333
\pgf@pt@y=\dimen334
\pgf@pt@temp=\dimen335
) (C:\Users\laura\OneDrive\Skrivebord\Ny mappe (2)\tex/generic/pgf/basiclayer\pgfcorequick.code.tex
File: pgfcorequick.code.tex 2025-08-29 v3.1.11a (3.1.11a)
) (C:\Users\laura\OneDrive\Skrivebord\Ny mappe (2)\tex/generic/pgf/basiclayer\pgfcoreobjects.code.tex
File: pgfcoreobjects.code.tex 2025-08-29 v3.1.11a (3.1.11a)
) (C:\Users\laura\OneDrive\Skrivebord\Ny mappe (2)\tex/generic/pgf/basiclayer\pgfcorepathprocessing.code.tex
File: pgfcorepathprocessing.code.tex 2025-08-29 v3.1.11a (3.1.11a)
) (C:\Users\laura\OneDrive\Skrivebord\Ny mappe (2)\tex/generic/pgf/basiclayer\pgfcorearrows.code.tex
File: pgfcorearrows.code.tex 2025-08-29 v3.1.11a (3.1.11a)
\pgfarrowsep=\dimen336
) (C:\Users\laura\OneDrive\Skrivebord\Ny mappe (2)\tex/generic/pgf/basiclayer\pgfcoreshade.code.tex
File: pgfcoreshade.code.tex 2025-08-29 v3.1.11a (3.1.11a)
\pgf@max=\dimen337
\pgf@sys@shading@range@num=\count438
\pgf@shadingcount=\count439
) (C:\Users\laura\OneDrive\Skrivebord\Ny mappe (2)\tex/generic/pgf/basiclayer\pgfcoreimage.code.tex
File: pgfcoreimage.code.tex 2025-08-29 v3.1.11a (3.1.11a)
) (C:\Users\laura\OneDrive\Skrivebord\Ny mappe (2)\tex/generic/pgf/basiclayer\pgfcoreexternal.code.tex
File: pgfcoreexternal.code.tex 2025-08-29 v3.1.11a (3.1.11a)
\pgfexternal@startupbox=\box91
) (C:\Users\laura\OneDrive\Skrivebord\Ny mappe (2)\tex/generic/pgf/basiclayer\pgfcorelayers.code.tex
File: pgfcorelayers.code.tex 2025-08-29 v3.1.11a (3.1.11a)
) (C:\Users\laura\OneDrive\Skrivebord\Ny mappe (2)\tex/generic/pgf/basiclayer\pgfcoretransparency.code.tex
File: pgfcoretransparency.code.tex 2025-08-29 v3.1.11a (3.1.11a)
) (C:\Users\laura\OneDrive\Skrivebord\Ny mappe (2)\tex/generic/pgf/basiclayer\pgfcorepatterns.code.tex
File: pgfcorepatterns.code.tex 2025-08-29 v3.1.11a (3.1.11a)
) (C:\Users\laura\OneDrive\Skrivebord\Ny mappe (2)\tex/generic/pgf/basiclayer\pgfcorerdf.code.tex
File: pgfcorerdf.code.tex 2025-08-29 v3.1.11a (3.1.11a)
))) (C:\Users\laura\OneDrive\Skrivebord\Ny mappe (2)\tex/generic/pgf/modules\pgfmoduleshapes.code.tex
File: pgfmoduleshapes.code.tex 2025-08-29 v3.1.11a (3.1.11a)
\pgfnodeparttextbox=\box92
) (C:\Users\laura\OneDrive\Skrivebord\Ny mappe (2)\tex/generic/pgf/modules\pgfmoduleplot.code.tex
File: pgfmoduleplot.code.tex 2025-08-29 v3.1.11a (3.1.11a)
) (C:\Users\laura\OneDrive\Skrivebord\Ny mappe (2)\tex/latex/pgf/compatibility\pgfcomp-version-0-65.sty
Package: pgfcomp-version-0-65 2025-08-29 v3.1.11a (3.1.11a)
\pgf@nodesepstart=\dimen338
\pgf@nodesepend=\dimen339
) (C:\Users\laura\OneDrive\Skrivebord\Ny mappe (2)\tex/latex/pgf/compatibility\pgfcomp-version-1-18.sty
Package: pgfcomp-version-1-18 2025-08-29 v3.1.11a (3.1.11a)
)) (C:\Users\laura\OneDrive\Skrivebord\Ny mappe (2)\tex/latex/pgf/utilities\pgffor.sty (C:\Users\laura\OneDrive\Skrivebord\Ny mappe (2)\tex/latex/pgf/math\pgfmath.sty (C:\Users\laura\OneDrive\Skrivebord\Ny mappe (2)\tex/generic/pgf/math\pgfmath.code.tex)) (C:\Users\laura\OneDrive\Skrivebord\Ny mappe (2)\tex/generic/pgf/utilities\pgffor.code.tex
Package: pgffor 2025-08-29 v3.1.11a (3.1.11a)
\pgffor@iter=\dimen340
\pgffor@skip=\dimen341
\pgffor@stack=\toks57
\pgffor@toks=\toks58
)) (C:\Users\laura\OneDrive\Skrivebord\Ny mappe (2)\tex/generic/pgf/frontendlayer/tikz\tikz.code.tex
Package: tikz 2025-08-29 v3.1.11a (3.1.11a)
 (C:\Users\laura\OneDrive\Skrivebord\Ny mappe (2)\tex/generic/pgf/libraries\pgflibraryplothandlers.code.tex
File: pgflibraryplothandlers.code.tex 2025-08-29 v3.1.11a (3.1.11a)
\pgf@plot@mark@count=\count440
\pgfplotmarksize=\dimen342
)
\tikz@lastx=\dimen343
\tikz@lasty=\dimen344
\tikz@lastxsaved=\dimen345
\tikz@lastysaved=\dimen346
\tikz@lastmovetox=\dimen347
\tikz@lastmovetoy=\dimen348
\tikzleveldistance=\dimen349
\tikzsiblingdistance=\dimen350
\tikz@figbox=\box93
\tikz@figbox@bg=\box94
\tikz@tempbox=\box95
\tikz@tempbox@bg=\box96
\tikztreelevel=\count441
\tikznumberofchildren=\count442
\tikznumberofcurrentchild=\count443
\tikz@fig@count=\count444
 (C:\Users\laura\OneDrive\Skrivebord\Ny mappe (2)\tex/generic/pgf/modules\pgfmodulematrix.code.tex
File: pgfmodulematrix.code.tex 2025-08-29 v3.1.11a (3.1.11a)
\pgfmatrixcurrentrow=\count445
\pgfmatrixcurrentcolumn=\count446
\pgf@matrix@numberofcolumns=\count447
)
\tikz@expandcount=\count448
 (C:\Users\laura\OneDrive\Skrivebord\Ny mappe (2)\tex/generic/pgf/frontendlayer/tikz/libraries\tikzlibrarytopaths.code.tex
File: tikzlibrarytopaths.code.tex 2025-08-29 v3.1.11a (3.1.11a)
))) (C:\Users\laura\OneDrive\Skrivebord\Ny mappe (2)\tex/generic/pgf/frontendlayer/tikz/libraries\tikzlibrarypositioning.code.tex
File: tikzlibrarypositioning.code.tex 2025-08-29 v3.1.11a (3.1.11a)
) (C:\Users\laura\OneDrive\Skrivebord\Ny mappe (2)\tex/latex/tools\calc.sty
Package: calc 2025/03/01 v4.3b Infix arithmetic (KKT,FJ)
\calc@Acount=\count449
\calc@Bcount=\count450
\calc@Adimen=\dimen351
\calc@Bdimen=\dimen352
\calc@Askip=\skip274
\calc@Bskip=\skip275
LaTeX Info: Redefining \setlength on input line 86.
LaTeX Info: Redefining \addtolength on input line 87.
\calc@Ccount=\count451
\calc@Cskip=\skip276
)
\c@@todonotes@numberoftodonotes=\count452
) (C:\Users\laura\OneDrive\Skrivebord\Ny mappe (2)\tex/generic/pgf/frontendlayer/tikz/libraries\tikzlibrarycalc.code.tex
File: tikzlibrarycalc.code.tex 2025-08-29 v3.1.11a (3.1.11a)
) (C:\Users\laura\OneDrive\Skrivebord\Ny mappe (2)\tex/latex/ulem\ulem.sty
\UL@box=\box97
\UL@hyphenbox=\box98
\UL@skip=\skip277
\UL@hook=\toks59
\UL@height=\dimen353
\UL@pe=\count453
\UL@pixel=\dimen354
\ULC@box=\box99
Package: ulem 2019/11/18
\ULdepth=\dimen355
) (C:\Users\laura\OneDrive\Skrivebord\Ny mappe (2)\tex/latex/psnfss\pifont.sty
Package: pifont 2020/03/25 PSNFSS-v9.3 Pi font support (SPQR) 
LaTeX Font Info:    Trying to load font information for U+pzd on input line 63.
 (C:\Users\laura\OneDrive\Skrivebord\Ny mappe (2)\tex/latex/psnfss\upzd.fd
File: upzd.fd 2001/06/04 font definitions for U/pzd.
)
LaTeX Font Info:    Trying to load font information for U+psy on input line 64.
 (C:\Users\laura\OneDrive\Skrivebord\Ny mappe (2)\tex/latex/psnfss\upsy.fd
File: upsy.fd 2001/06/04 font definitions for U/psy.
))) (main2.aux)
\openout1 = `main2.aux'.

LaTeX Font Info:    Checking defaults for OML/cmm/m/it on input line 6.
LaTeX Font Info:    ... okay on input line 6.
LaTeX Font Info:    Checking defaults for OMS/cmsy/m/n on input line 6.
LaTeX Font Info:    ... okay on input line 6.
LaTeX Font Info:    Checking defaults for OT1/cmr/m/n on input line 6.
LaTeX Font Info:    ... okay on input line 6.
LaTeX Font Info:    Checking defaults for T1/cmr/m/n on input line 6.
LaTeX Font Info:    ... okay on input line 6.
LaTeX Font Info:    Checking defaults for TS1/cmr/m/n on input line 6.
LaTeX Font Info:    ... okay on input line 6.
LaTeX Font Info:    Checking defaults for OMX/cmex/m/n on input line 6.
LaTeX Font Info:    ... okay on input line 6.
LaTeX Font Info:    Checking defaults for U/cmr/m/n on input line 6.
LaTeX Font Info:    ... okay on input line 6.
LaTeX Font Info:    Checking defaults for PD1/pdf/m/n on input line 6.
LaTeX Font Info:    ... okay on input line 6.
LaTeX Font Info:    Checking defaults for PU/pdf/m/n on input line 6.
LaTeX Font Info:    ... okay on input line 6.
 (C:\Users\laura\OneDrive\Skrivebord\Ny mappe (2)\tex/context/base/mkii\supp-pdf.mkii
[Loading MPS to PDF converter (version 2006.09.02).]
\scratchcounter=\count454
\scratchdimen=\dimen356
\scratchbox=\box100
\nofMPsegments=\count455
\nofMParguments=\count456
\everyMPshowfont=\toks60
\MPscratchCnt=\count457
\MPscratchDim=\dimen357
\MPnumerator=\count458
\makeMPintoPDFobject=\count459
\everyMPtoPDFconversion=\toks61
) (C:\Users\laura\OneDrive\Skrivebord\Ny mappe (2)\tex/latex/epstopdf-pkg\epstopdf-base.sty
Package: epstopdf-base 2020-01-24 v2.11 Base part for package epstopdf
Package epstopdf-base Info: Redefining graphics rule for `.eps' on input line 485.
 (C:\Users\laura\OneDrive\Skrivebord\Ny mappe (2)\tex/latex/00miktex\epstopdf-sys.cfg
File: epstopdf-sys.cfg 2021/03/18 v2.0 Configuration of epstopdf for MiKTeX
))
Package caption Info: Begin \AtBeginDocument code.
Package caption Info: float package is loaded.
Package caption Info: hyperref package is loaded.
Package caption Info: listings package is loaded.
Package caption Info: longtable package is loaded.
 (C:\Users\laura\OneDrive\Skrivebord\Ny mappe (2)\tex/latex/caption\ltcaption.sty
Package: ltcaption 2021/01/08 v1.4c longtable captions (AR)
)
Package caption Info: wrapfig package is loaded.
Package caption Info: End \AtBeginDocument code.
 (C:\Users\laura\OneDrive\Skrivebord\Ny mappe (2)\tex/latex/translations/dicts\translations-basic-dictionary-english.trsl
File: translations-basic-dictionary-english.trsl (english translation file `translations-basic-dictionary')
)
Package translations Info: loading dictionary `translations-basic-dictionary' for `english'. on input line 6.
Package translations Info: no dictionary file `translations-basic-dictionary-danish.trsl' found. on input line 6.
 (C:\Users\laura\OneDrive\Skrivebord\Ny mappe (2)\tex/latex/base\textcomp.sty
Package: textcomp 2024/04/24 v2.1b Standard LaTeX package
)
\c@lstlisting=\count460
Package hyperref Info: Link coloring OFF on input line 6.
 (main2.out) (main2.out)
\@outlinefile=\write6
\openout6 = `main2.out'.

Package cleveref Info: loaded `english' language definitions on input line 8.
 (notes.tex
LaTeX Font Info:    Trying to load font information for U+msa on input line 3.
 (C:\Users\laura\OneDrive\Skrivebord\Ny mappe (2)\tex/latex/amsfonts\umsa.fd
File: umsa.fd 2013/01/14 v3.01 AMS symbols A
)
LaTeX Font Info:    Trying to load font information for U+msb on input line 3.
 (C:\Users\laura\OneDrive\Skrivebord\Ny mappe (2)\tex/latex/amsfonts\umsb.fd
File: umsb.fd 2013/01/14 v3.01 AMS symbols B
) [1

{C:/Users/laura/AppData/Local/MiKTeX/fonts/map/pdftex/pdftex.map}] [2]
<Figures/phase_shift.png, id=40, 423.08063pt x 347.04657pt>
File: Figures/phase_shift.png Graphic file (type png)
<use Figures/phase_shift.png>
Package pdftex.def Info: Figures/phase_shift.png  used on input line 145.
(pdftex.def)             Requested size: 273.00278pt x 223.94658pt.


LaTeX Warning: Reference `A' on page 3 undefined on input line 153.

[3 <./Figures/phase_shift.png>]
<Figures/a.png, id=49, 487.06969pt x 307.90031pt>
File: Figures/a.png Graphic file (type png)
<use Figures/a.png>
Package pdftex.def Info: Figures/a.png  used on input line 166.
(pdftex.def)             Requested size: 273.00278pt x 172.57803pt.
<Figures/a_value.png, id=50, 430.60875pt x 432.11438pt>
File: Figures/a_value.png Graphic file (type png)
<use Figures/a_value.png>
Package pdftex.def Info: Figures/a_value.png  used on input line 178.
(pdftex.def)             Requested size: 273.00278pt x 273.961pt.
 [4 <./Figures/a.png>]) [5 <./Figures/a_value.png>] (Outline.tex) [6]
runsystem(latexminted cleantemp  --timestamp 20260117180949 07EB239072934103CA64A9692FB20F83)...disabled (restricted).

 
enddocument/afterlastpage (AED): lastpage setting LastPage.
(main2.aux
Package cleveref Info: loaded `english' language definitions on input line 9.
Package cleveref Info: loaded `english' language definitions on input line 10.
)
 ***********
LaTeX2e <2025-11-01>
L3 programming layer <2020/03/25>
 ***********


LaTeX Warning: There were undefined references.

Package rerunfilecheck Info: File `main2.out' has not changed.
(rerunfilecheck)             Checksum: D41D8CD98F00B204E9800998ECF8427E;0.
 ) 
Here is how much of TeX's memory you used:
 39463 strings out of 467871
 818330 string characters out of 5416900
 1359720 words of memory out of 5000000
 67746 multiletter control sequences out of 15000+600000
 636104 words of font info for 72 fonts, out of 8000000 for 9000
 1141 hyphenation exceptions out of 8191
 110i,14n,122p,613b,1106s stack positions out of 10000i,1000n,20000p,200000b,200000s
 <C:\Users\laura\AppData\Local\MiKTeX\fonts/pk/ljfour/jknappen/ec/dpi600\tcrm1000.pk><C:/Users/laura/OneDrive/Skrivebord/Ny mappe (2)/fonts/type1/public/amsfonts/cm/cmbx10.pfb><C:/Users/laura/OneDrive/Skrivebord/Ny mappe (2)/fonts/type1/public/amsfonts/cm/cmbx12.pfb><C:/Users/laura/OneDrive/Skrivebord/Ny mappe (2)/fonts/type1/public/amsfonts/cm/cmbx7.pfb><C:/Users/laura/OneDrive/Skrivebord/Ny mappe (2)/fonts/type1/public/amsfonts/cm/cmbx9.pfb><C:/Users/laura/OneDrive/Skrivebord/Ny mappe (2)/fonts/type1/public/amsfonts/cm/cmex10.pfb><C:/Users/laura/OneDrive/Skrivebord/Ny mappe (2)/fonts/type1/public/amsfonts/cm/cmmi10.pfb><C:/Users/laura/OneDrive/Skrivebord/Ny mappe (2)/fonts/type1/public/amsfonts/cm/cmmi5.pfb><C:/Users/laura/OneDrive/Skrivebord/Ny mappe (2)/fonts/type1/public/amsfonts/cm/cmmi7.pfb><C:/Users/laura/OneDrive/Skrivebord/Ny mappe (2)/fonts/type1/public/amsfonts/cm/cmmi9.pfb><C:/Users/laura/OneDrive/Skrivebord/Ny mappe (2)/fonts/type1/public/amsfonts/cm/cmr10.pfb><C:/Users/laura/OneDrive/Skrivebord/Ny mappe (2)/fonts/type1/public/amsfonts/cm/cmr5.pfb><C:/Users/laura/OneDrive/Skrivebord/Ny mappe (2)/fonts/type1/public/amsfonts/cm/cmr7.pfb><C:/Users/laura/OneDrive/Skrivebord/Ny mappe (2)/fonts/type1/public/amsfonts/cm/cmr9.pfb><C:/Users/laura/OneDrive/Skrivebord/Ny mappe (2)/fonts/type1/public/amsfonts/cm/cmsy10.pfb><C:/Users/laura/OneDrive/Skrivebord/Ny mappe (2)/fonts/type1/public/amsfonts/cm/cmsy7.pfb><C:/Users/laura/OneDrive/Skrivebord/Ny mappe (2)/fonts/type1/public/amsfonts/symbols/msbm10.pfb><C:/Users/laura/OneDrive/Skrivebord/Ny mappe (2)/fonts/type1/public/amsfonts/symbols/msbm7.pfb>
Output written on main2.pdf (6 pages, 278318 bytes).
PDF statistics:
 150 PDF objects out of 1000 (max. 8388607)
 13 named destinations out of 1000 (max. 500000)
 28 words of extra memory for PDF output out of 10000 (max. 10000000)

